c:\users\huang\desktop\資訊\new\新增資料夾\complex\complex\debug\vc141.pdb
c:\users\huang\desktop\資訊\new\新增資料夾\complex\complex\debug\vc141.idb
c:\users\huang\desktop\資訊\new\新增資料夾\complex\complex\debug\complex.obj
c:\users\huang\desktop\資訊\new\新增資料夾\complex\complex\debug\class.obj
c:\users\huang\desktop\資訊\new\新增資料夾\complex\debug\complex.pdb
c:\users\huang\desktop\資訊\new\新增資料夾\complex\complex\debug\complex.tlog\cl.command.1.tlog
c:\users\huang\desktop\資訊\new\新增資料夾\complex\complex\debug\complex.tlog\cl.read.1.tlog
c:\users\huang\desktop\資訊\new\新增資料夾\complex\complex\debug\complex.tlog\cl.write.1.tlog
c:\users\huang\desktop\資訊\new\新增資料夾\complex\complex\debug\complex.tlog\link-cvtres.read.1.tlog
c:\users\huang\desktop\資訊\new\新增資料夾\complex\complex\debug\complex.tlog\link-cvtres.write.1.tlog
c:\users\huang\desktop\資訊\new\新增資料夾\complex\complex\debug\complex.tlog\link-rc.read.1.tlog
c:\users\huang\desktop\資訊\new\新增資料夾\complex\complex\debug\complex.tlog\link-rc.write.1.tlog
c:\users\huang\desktop\資訊\new\新增資料夾\complex\complex\debug\complex.tlog\link.8536-cvtres.read.1.tlog
c:\users\huang\desktop\資訊\new\新增資料夾\complex\complex\debug\complex.tlog\link.8536-cvtres.write.1.tlog
c:\users\huang\desktop\資訊\new\新增資料夾\complex\complex\debug\complex.tlog\link.8536-rc.read.1.tlog
c:\users\huang\desktop\資訊\new\新增資料夾\complex\complex\debug\complex.tlog\link.8536-rc.write.1.tlog
c:\users\huang\desktop\資訊\new\新增資料夾\complex\complex\debug\complex.tlog\link.8536.read.1.tlog
c:\users\huang\desktop\資訊\new\新增資料夾\complex\complex\debug\complex.tlog\link.8536.write.1.tlog
c:\users\huang\desktop\資訊\new\新增資料夾\complex\complex\debug\complex.tlog\link.command.1.tlog
c:\users\huang\desktop\資訊\new\新增資料夾\complex\complex\debug\complex.tlog\link.read.1.tlog
c:\users\huang\desktop\資訊\new\新增資料夾\complex\complex\debug\complex.tlog\link.write.1.tlog
